app/build/intermediates/manifest_merge_blame_file/debug/manifest-merger-blame-debug-report.txt
1<?xml version="1.0" encoding="utf-8"?>
2<manifest xmlns:android="http://schemas.android.com/apk/res/android"
3    package="com.google.mlkit.vision.demo"
4    android:installLocation="auto"
5    android:versionCode="11"
6    android:versionName="1.11" >
7    <!--
8 CameraX libraries require minSdkVersion 21, while this quickstart app
9    supports low to 19. Needs to use overrideLibrary to make the merger tool
10    ignore this conflict and import the libraries while keeping the app's lower
11    minSdkVersion value. In code, will check SDK version, before calling CameraX
12    APIs.
13    -->
14    <uses-sdk
14-->src\main\AndroidManifest.xml:11:5-15:60
15        android:minSdkVersion="19"
16        android:targetSdkVersion="34" />
17
18    <uses-feature android:name="android.hardware.camera" />
18-->src\main\AndroidManifest.xml:17:5-59
18-->src\main\AndroidManifest.xml:17:19-57
19
20    <uses-permission android:name="android.permission.INTERNET" />
20-->src\main\AndroidManifest.xml:19:5-66
20-->src\main\AndroidManifest.xml:19:22-64
21    <uses-permission android:name="android.permission.WRITE_EXTERNAL_STORAGE" />
21-->src\main\AndroidManifest.xml:20:5-80
21-->src\main\AndroidManifest.xml:20:22-78
22    <uses-permission android:name="android.permission.READ_EXTERNAL_STORAGE" />
22-->src\main\AndroidManifest.xml:21:5-79
22-->src\main\AndroidManifest.xml:21:22-77
23    <uses-permission android:name="android.permission.CAMERA" />
23-->src\main\AndroidManifest.xml:22:5-64
23-->src\main\AndroidManifest.xml:22:22-62
24
25    <queries>
25-->src\main\AndroidManifest.xml:113:5-117:15
26        <intent>
26-->src\main\AndroidManifest.xml:114:9-116:18
27            <action android:name="android.media.action.IMAGE_CAPTURE" />
27-->src\main\AndroidManifest.xml:115:13-73
27-->src\main\AndroidManifest.xml:115:21-70
28        </intent>
29    </queries>
30
31    <!-- For remote config -->
32    <uses-permission android:name="android.permission.ACCESS_NETWORK_STATE" />
32-->[com.google.mlkit:pose-detection-common:18.0.0-beta3] AndroidManifest.xml:7:5-79
32-->[com.google.mlkit:pose-detection-common:18.0.0-beta3] AndroidManifest.xml:7:22-76
33    <uses-permission android:name="android.permission.WAKE_LOCK" />
33-->[androidx.work:work-runtime:2.7.0] AndroidManifest.xml:25:5-68
33-->[androidx.work:work-runtime:2.7.0] AndroidManifest.xml:25:22-65
34    <uses-permission android:name="android.permission.RECEIVE_BOOT_COMPLETED" />
34-->[androidx.work:work-runtime:2.7.0] AndroidManifest.xml:27:5-81
34-->[androidx.work:work-runtime:2.7.0] AndroidManifest.xml:27:22-78
35    <uses-permission android:name="android.permission.FOREGROUND_SERVICE" />
35-->[androidx.work:work-runtime:2.7.0] AndroidManifest.xml:28:5-77
35-->[androidx.work:work-runtime:2.7.0] AndroidManifest.xml:28:22-74
36
37    <permission
37-->[androidx.core:core:1.9.0] AndroidManifest.xml:22:5-24:47
38        android:name="com.google.mlkit.vision.demo.DYNAMIC_RECEIVER_NOT_EXPORTED_PERMISSION"
38-->[androidx.core:core:1.9.0] AndroidManifest.xml:23:9-81
39        android:protectionLevel="signature" />
39-->[androidx.core:core:1.9.0] AndroidManifest.xml:24:9-44
40
41    <uses-permission android:name="com.google.mlkit.vision.demo.DYNAMIC_RECEIVER_NOT_EXPORTED_PERMISSION" />
41-->[androidx.core:core:1.9.0] AndroidManifest.xml:26:5-97
41-->[androidx.core:core:1.9.0] AndroidManifest.xml:26:22-94
42
43    <application
43-->src\main\AndroidManifest.xml:24:5-112:19
44        android:name="androidx.multidex.MultiDexApplication"
44-->src\main\AndroidManifest.xml:25:9-61
45        android:appComponentFactory="androidx.core.app.CoreComponentFactory"
45-->[androidx.core:core:1.9.0] AndroidManifest.xml:28:18-86
46        android:debuggable="true"
47        android:extractNativeLibs="true"
48        android:icon="@drawable/logo_mlkit"
48-->src\main\AndroidManifest.xml:26:9-44
49        android:label="@string/app_name"
49-->src\main\AndroidManifest.xml:27:9-41
50        android:testOnly="true"
51        android:theme="@style/Theme.AppCompat" >
51-->src\main\AndroidManifest.xml:28:9-47
52        <meta-data
52-->src\main\AndroidManifest.xml:30:9-32:68
53            android:name="com.google.android.gms.version"
53-->src\main\AndroidManifest.xml:31:13-58
54            android:value="@integer/google_play_services_version" />
54-->src\main\AndroidManifest.xml:32:13-66
55
56        <!--
57          Optional: Add it to automatically download ML model to device after
58          your app is installed.
59        -->
60        <meta-data
60-->src\main\AndroidManifest.xml:36:9-38:129
61            android:name="com.google.mlkit.vision.DEPENDENCIES"
61-->src\main\AndroidManifest.xml:37:13-64
62            android:value="barcode,face,ocr,ocr_chinese,ocr_devanagari,ocr_japanese,ocr_korean,ica,custom_ica,subject_segment" />
62-->src\main\AndroidManifest.xml:38:13-127
63
64        <activity
64-->src\main\AndroidManifest.xml:40:9-48:20
65            android:name="com.google.mlkit.vision.demo.EntryChoiceActivity"
65-->src\main\AndroidManifest.xml:41:13-48
66            android:exported="true"
66-->src\main\AndroidManifest.xml:42:13-36
67            android:theme="@style/AppTheme" >
67-->src\main\AndroidManifest.xml:43:13-44
68            <intent-filter>
68-->src\main\AndroidManifest.xml:44:13-47:29
69                <action android:name="android.intent.action.MAIN" />
69-->src\main\AndroidManifest.xml:45:17-68
69-->src\main\AndroidManifest.xml:45:25-66
70
71                <category android:name="android.intent.category.LAUNCHER" />
71-->src\main\AndroidManifest.xml:46:17-76
71-->src\main\AndroidManifest.xml:46:27-74
72            </intent-filter>
73        </activity>
74        <activity
74-->src\main\AndroidManifest.xml:50:9-53:20
75            android:name="com.google.mlkit.vision.demo.java.ChooserActivity"
75-->src\main\AndroidManifest.xml:51:13-49
76            android:exported="false" >
76-->src\main\AndroidManifest.xml:52:13-37
77        </activity>
78        <activity
78-->src\main\AndroidManifest.xml:55:9-59:20
79            android:name="com.google.mlkit.vision.demo.java.LivePreviewActivity"
79-->src\main\AndroidManifest.xml:56:13-53
80            android:exported="false"
80-->src\main\AndroidManifest.xml:57:13-37
81            android:theme="@style/AppTheme" >
81-->src\main\AndroidManifest.xml:58:13-44
82        </activity>
83        <activity
83-->src\main\AndroidManifest.xml:61:9-65:20
84            android:name="com.google.mlkit.vision.demo.java.CameraXLivePreviewActivity"
84-->src\main\AndroidManifest.xml:62:13-60
85            android:exported="false"
85-->src\main\AndroidManifest.xml:63:13-37
86            android:theme="@style/AppTheme" >
86-->src\main\AndroidManifest.xml:64:13-44
87        </activity>
88        <activity
88-->src\main\AndroidManifest.xml:67:9-71:20
89            android:name="com.google.mlkit.vision.demo.java.CameraXSourceDemoActivity"
89-->src\main\AndroidManifest.xml:68:13-59
90            android:exported="false"
90-->src\main\AndroidManifest.xml:69:13-37
91            android:theme="@style/AppTheme" >
91-->src\main\AndroidManifest.xml:70:13-44
92        </activity>
93        <activity
93-->src\main\AndroidManifest.xml:73:9-77:20
94            android:name="com.google.mlkit.vision.demo.java.StillImageActivity"
94-->src\main\AndroidManifest.xml:74:13-52
95            android:exported="false"
95-->src\main\AndroidManifest.xml:75:13-37
96            android:theme="@style/AppTheme" >
96-->src\main\AndroidManifest.xml:76:13-44
97        </activity>
98        <activity
98-->src\main\AndroidManifest.xml:79:9-82:20
99            android:name="com.google.mlkit.vision.demo.kotlin.ChooserActivity"
99-->src\main\AndroidManifest.xml:80:13-51
100            android:exported="false" >
100-->src\main\AndroidManifest.xml:81:13-37
101        </activity>
102        <activity
102-->src\main\AndroidManifest.xml:84:9-88:20
103            android:name="com.google.mlkit.vision.demo.kotlin.LivePreviewActivity"
103-->src\main\AndroidManifest.xml:85:13-55
104            android:exported="false"
104-->src\main\AndroidManifest.xml:86:13-37
105            android:theme="@style/AppTheme" >
105-->src\main\AndroidManifest.xml:87:13-44
106        </activity>
107        <activity
107-->src\main\AndroidManifest.xml:90:9-94:20
108            android:name="com.google.mlkit.vision.demo.kotlin.CameraXLivePreviewActivity"
108-->src\main\AndroidManifest.xml:91:13-62
109            android:exported="false"
109-->src\main\AndroidManifest.xml:92:13-37
110            android:theme="@style/AppTheme" >
110-->src\main\AndroidManifest.xml:93:13-44
111        </activity>
112        <activity
112-->src\main\AndroidManifest.xml:96:9-100:20
113            android:name="com.google.mlkit.vision.demo.kotlin.CameraXSourceDemoActivity"
113-->src\main\AndroidManifest.xml:97:13-61
114            android:exported="false"
114-->src\main\AndroidManifest.xml:98:13-37
115            android:theme="@style/AppTheme" >
115-->src\main\AndroidManifest.xml:99:13-44
116        </activity>
117        <activity
117-->src\main\AndroidManifest.xml:102:9-106:20
118            android:name="com.google.mlkit.vision.demo.kotlin.StillImageActivity"
118-->src\main\AndroidManifest.xml:103:13-54
119            android:exported="false"
119-->src\main\AndroidManifest.xml:104:13-37
120            android:theme="@style/AppTheme" >
120-->src\main\AndroidManifest.xml:105:13-44
121        </activity>
122        <activity
122-->src\main\AndroidManifest.xml:108:9-110:39
123            android:name="com.google.mlkit.vision.demo.preference.SettingsActivity"
123-->src\main\AndroidManifest.xml:109:13-56
124            android:exported="false" />
124-->src\main\AndroidManifest.xml:110:13-37
125
126        <!--
127             Required for ML Kit Pose Detection GPU acceleration. Applications that target Android
128             S+ require explicit declaration of any referenced vendor-provided libraries.
129        -->
130        <uses-native-library
130-->[com.google.mlkit:pose-detection-common:18.0.0-beta3] AndroidManifest.xml:16:9-18:40
131            android:name="libOpenCL.so"
131-->[com.google.mlkit:pose-detection-common:18.0.0-beta3] AndroidManifest.xml:17:13-40
132            android:required="false" />
132-->[com.google.mlkit:pose-detection-common:18.0.0-beta3] AndroidManifest.xml:18:13-37
133        <uses-native-library
133-->[com.google.mlkit:pose-detection-common:18.0.0-beta3] AndroidManifest.xml:16:9-18:40
134            android:name="libOpenCL-car.so"
134-->[com.google.mlkit:pose-detection-common:18.0.0-beta3] AndroidManifest.xml:17:13-40
135            android:required="false" />
135-->[com.google.mlkit:pose-detection-common:18.0.0-beta3] AndroidManifest.xml:18:13-37
136        <uses-native-library
136-->[com.google.mlkit:pose-detection-common:18.0.0-beta3] AndroidManifest.xml:16:9-18:40
137            android:name="libOpenCL-pixel.so"
137-->[com.google.mlkit:pose-detection-common:18.0.0-beta3] AndroidManifest.xml:17:13-40
138            android:required="false" />
138-->[com.google.mlkit:pose-detection-common:18.0.0-beta3] AndroidManifest.xml:18:13-37
139
140        <service
140-->[com.google.mlkit:pose-detection-common:18.0.0-beta3] AndroidManifest.xml:26:9-32:19
141            android:name="com.google.mlkit.common.internal.MlKitComponentDiscoveryService"
141-->[com.google.mlkit:pose-detection-common:18.0.0-beta3] AndroidManifest.xml:27:13-91
142            android:directBootAware="true"
142-->[com.google.mlkit:common:18.10.0] AndroidManifest.xml:17:13-43
143            android:exported="false" >
143-->[com.google.mlkit:pose-detection-common:18.0.0-beta3] AndroidManifest.xml:28:13-37
144            <meta-data
144-->[com.google.mlkit:pose-detection-common:18.0.0-beta3] AndroidManifest.xml:29:13-31:85
145                android:name="com.google.firebase.components:com.google.mlkit.vision.pose.internal.PoseRegistrar"
145-->[com.google.mlkit:pose-detection-common:18.0.0-beta3] AndroidManifest.xml:30:17-114
146                android:value="com.google.firebase.components.ComponentRegistrar" />
146-->[com.google.mlkit:pose-detection-common:18.0.0-beta3] AndroidManifest.xml:31:17-82
147            <meta-data
147-->[com.google.mlkit:object-detection:17.0.0] AndroidManifest.xml:14:13-16:85
148                android:name="com.google.firebase.components:com.google.mlkit.vision.objects.defaults.internal.DefaultObjectsRegistrar"
148-->[com.google.mlkit:object-detection:17.0.0] AndroidManifest.xml:15:17-136
149                android:value="com.google.firebase.components.ComponentRegistrar" />
149-->[com.google.mlkit:object-detection:17.0.0] AndroidManifest.xml:16:17-82
150            <meta-data
150-->[com.google.mlkit:object-detection-custom:17.0.1] AndroidManifest.xml:11:13-13:85
151                android:name="com.google.firebase.components:com.google.mlkit.vision.objects.custom.internal.CustomObjectsRegistrar"
151-->[com.google.mlkit:object-detection-custom:17.0.1] AndroidManifest.xml:12:17-133
152                android:value="com.google.firebase.components.ComponentRegistrar" />
152-->[com.google.mlkit:object-detection-custom:17.0.1] AndroidManifest.xml:13:17-82
153            <meta-data
153-->[com.google.mlkit:image-labeling:17.0.7] AndroidManifest.xml:11:13-13:85
154                android:name="com.google.firebase.components:com.google.mlkit.vision.label.defaults.internal.BundledLabelRegistrar"
154-->[com.google.mlkit:image-labeling:17.0.7] AndroidManifest.xml:12:17-132
155                android:value="com.google.firebase.components.ComponentRegistrar" />
155-->[com.google.mlkit:image-labeling:17.0.7] AndroidManifest.xml:13:17-82
156            <meta-data
156-->[com.google.mlkit:image-labeling-custom:17.0.2] AndroidManifest.xml:11:13-13:85
157                android:name="com.google.firebase.components:com.google.mlkit.vision.label.custom.internal.CustomLabelRegistrar"
157-->[com.google.mlkit:image-labeling-custom:17.0.2] AndroidManifest.xml:12:17-129
158                android:value="com.google.firebase.components.ComponentRegistrar" />
158-->[com.google.mlkit:image-labeling-custom:17.0.2] AndroidManifest.xml:13:17-82
159            <meta-data
159-->[com.google.mlkit:segmentation-selfie:16.0.0-beta4] AndroidManifest.xml:12:13-14:85
160                android:name="com.google.firebase.components:com.google.mlkit.vision.segmentation.internal.SegmentationRegistrar"
160-->[com.google.mlkit:segmentation-selfie:16.0.0-beta4] AndroidManifest.xml:13:17-130
161                android:value="com.google.firebase.components.ComponentRegistrar" />
161-->[com.google.mlkit:segmentation-selfie:16.0.0-beta4] AndroidManifest.xml:14:17-82
162            <meta-data
162-->[com.google.mlkit:face-mesh-detection:16.0.0-beta1] AndroidManifest.xml:11:13-13:85
163                android:name="com.google.firebase.components:com.google.mlkit.vision.facemesh.internal.FaceMeshRegistrar"
163-->[com.google.mlkit:face-mesh-detection:16.0.0-beta1] AndroidManifest.xml:12:17-122
164                android:value="com.google.firebase.components.ComponentRegistrar" />
164-->[com.google.mlkit:face-mesh-detection:16.0.0-beta1] AndroidManifest.xml:13:17-82
165            <meta-data
165-->[com.google.android.gms:play-services-mlkit-subject-segmentation:16.0.0-beta1] AndroidManifest.xml:11:13-13:85
166                android:name="com.google.firebase.components:com.google.mlkit.vision.segmentation.subject.internal.SubjectSegmentationRegistrar"
166-->[com.google.android.gms:play-services-mlkit-subject-segmentation:16.0.0-beta1] AndroidManifest.xml:12:17-145
167                android:value="com.google.firebase.components.ComponentRegistrar" />
167-->[com.google.android.gms:play-services-mlkit-subject-segmentation:16.0.0-beta1] AndroidManifest.xml:13:17-82
168            <meta-data
168-->[com.google.android.gms:play-services-mlkit-barcode-scanning:18.3.0] AndroidManifest.xml:12:13-14:85
169                android:name="com.google.firebase.components:com.google.mlkit.vision.barcode.internal.BarcodeRegistrar"
169-->[com.google.android.gms:play-services-mlkit-barcode-scanning:18.3.0] AndroidManifest.xml:13:17-120
170                android:value="com.google.firebase.components.ComponentRegistrar" />
170-->[com.google.android.gms:play-services-mlkit-barcode-scanning:18.3.0] AndroidManifest.xml:14:17-82
171            <meta-data
171-->[com.google.mlkit:vision-internal-vkp:18.2.2] AndroidManifest.xml:14:13-16:85
172                android:name="com.google.firebase.components:com.google.mlkit.vision.vkp.VkpRegistrar"
172-->[com.google.mlkit:vision-internal-vkp:18.2.2] AndroidManifest.xml:15:17-103
173                android:value="com.google.firebase.components.ComponentRegistrar" />
173-->[com.google.mlkit:vision-internal-vkp:18.2.2] AndroidManifest.xml:16:17-82
174            <meta-data
174-->[com.google.android.gms:play-services-mlkit-face-detection:17.0.1] AndroidManifest.xml:12:13-14:85
175                android:name="com.google.firebase.components:com.google.mlkit.vision.face.internal.FaceRegistrar"
175-->[com.google.android.gms:play-services-mlkit-face-detection:17.0.1] AndroidManifest.xml:13:17-114
176                android:value="com.google.firebase.components.ComponentRegistrar" />
176-->[com.google.android.gms:play-services-mlkit-face-detection:17.0.1] AndroidManifest.xml:14:17-82
177            <meta-data
177-->[com.google.android.gms:play-services-mlkit-text-recognition-common:19.0.0] AndroidManifest.xml:12:13-14:85
178                android:name="com.google.firebase.components:com.google.mlkit.vision.text.internal.TextRegistrar"
178-->[com.google.android.gms:play-services-mlkit-text-recognition-common:19.0.0] AndroidManifest.xml:13:17-114
179                android:value="com.google.firebase.components.ComponentRegistrar" />
179-->[com.google.android.gms:play-services-mlkit-text-recognition-common:19.0.0] AndroidManifest.xml:14:17-82
180            <meta-data
180-->[com.google.mlkit:vision-common:17.3.0] AndroidManifest.xml:12:13-14:85
181                android:name="com.google.firebase.components:com.google.mlkit.vision.common.internal.VisionCommonRegistrar"
181-->[com.google.mlkit:vision-common:17.3.0] AndroidManifest.xml:13:17-124
182                android:value="com.google.firebase.components.ComponentRegistrar" />
182-->[com.google.mlkit:vision-common:17.3.0] AndroidManifest.xml:14:17-82
183            <meta-data
183-->[com.google.mlkit:common:18.10.0] AndroidManifest.xml:20:13-22:85
184                android:name="com.google.firebase.components:com.google.mlkit.common.internal.CommonComponentRegistrar"
184-->[com.google.mlkit:common:18.10.0] AndroidManifest.xml:21:17-120
185                android:value="com.google.firebase.components.ComponentRegistrar" />
185-->[com.google.mlkit:common:18.10.0] AndroidManifest.xml:22:17-82
186        </service>
187        <service
187-->[com.google.mlkit:acceleration:16.0.0-beta1] AndroidManifest.xml:8:9-11:68
188            android:name="com.google.mlkit.acceleration.internal.MlKitRemoteWorkerService"
188-->[com.google.mlkit:acceleration:16.0.0-beta1] AndroidManifest.xml:9:13-91
189            android:exported="false"
189-->[com.google.mlkit:acceleration:16.0.0-beta1] AndroidManifest.xml:10:13-37
190            android:process=":mlkit_acceleration_mini_benchmark" />
190-->[com.google.mlkit:acceleration:16.0.0-beta1] AndroidManifest.xml:11:13-65
191        <service
191-->[androidx.work:work-multiprocess:2.7.0] AndroidManifest.xml:25:9-27:40
192            android:name="androidx.work.multiprocess.RemoteWorkManagerService"
192-->[androidx.work:work-multiprocess:2.7.0] AndroidManifest.xml:26:13-79
193            android:exported="false" />
193-->[androidx.work:work-multiprocess:2.7.0] AndroidManifest.xml:27:13-37
194
195        <provider
195-->[com.google.mlkit:common:18.10.0] AndroidManifest.xml:9:9-13:38
196            android:name="com.google.mlkit.common.internal.MlKitInitProvider"
196-->[com.google.mlkit:common:18.10.0] AndroidManifest.xml:10:13-78
197            android:authorities="com.google.mlkit.vision.demo.mlkitinitprovider"
197-->[com.google.mlkit:common:18.10.0] AndroidManifest.xml:11:13-69
198            android:exported="false"
198-->[com.google.mlkit:common:18.10.0] AndroidManifest.xml:12:13-37
199            android:initOrder="99" />
199-->[com.google.mlkit:common:18.10.0] AndroidManifest.xml:13:13-35
200
201        <activity
201-->[com.google.android.gms:play-services-base:18.1.0] AndroidManifest.xml:20:9-22:45
202            android:name="com.google.android.gms.common.api.GoogleApiActivity"
202-->[com.google.android.gms:play-services-base:18.1.0] AndroidManifest.xml:20:19-85
203            android:exported="false"
203-->[com.google.android.gms:play-services-base:18.1.0] AndroidManifest.xml:22:19-43
204            android:theme="@android:style/Theme.Translucent.NoTitleBar" />
204-->[com.google.android.gms:play-services-base:18.1.0] AndroidManifest.xml:21:19-78
205
206        <provider
206-->[androidx.work:work-runtime:2.7.0] AndroidManifest.xml:31:9-39:20
207            android:name="androidx.startup.InitializationProvider"
207-->[androidx.work:work-runtime:2.7.0] AndroidManifest.xml:32:13-67
208            android:authorities="com.google.mlkit.vision.demo.androidx-startup"
208-->[androidx.work:work-runtime:2.7.0] AndroidManifest.xml:33:13-68
209            android:exported="false" >
209-->[androidx.work:work-runtime:2.7.0] AndroidManifest.xml:34:13-37
210            <meta-data
210-->[androidx.work:work-runtime:2.7.0] AndroidManifest.xml:36:13-38:52
211                android:name="androidx.work.WorkManagerInitializer"
211-->[androidx.work:work-runtime:2.7.0] AndroidManifest.xml:37:17-68
212                android:value="androidx.startup" />
212-->[androidx.work:work-runtime:2.7.0] AndroidManifest.xml:38:17-49
213            <meta-data
213-->[androidx.emoji2:emoji2:1.2.0] AndroidManifest.xml:29:13-31:52
214                android:name="androidx.emoji2.text.EmojiCompatInitializer"
214-->[androidx.emoji2:emoji2:1.2.0] AndroidManifest.xml:30:17-75
215                android:value="androidx.startup" />
215-->[androidx.emoji2:emoji2:1.2.0] AndroidManifest.xml:31:17-49
216            <meta-data
216-->[androidx.lifecycle:lifecycle-process:2.4.1] AndroidManifest.xml:31:13-33:52
217                android:name="androidx.lifecycle.ProcessLifecycleInitializer"
217-->[androidx.lifecycle:lifecycle-process:2.4.1] AndroidManifest.xml:32:17-78
218                android:value="androidx.startup" />
218-->[androidx.lifecycle:lifecycle-process:2.4.1] AndroidManifest.xml:33:17-49
219        </provider>
220
221        <service
221-->[androidx.work:work-runtime:2.7.0] AndroidManifest.xml:41:9-46:35
222            android:name="androidx.work.impl.background.systemalarm.SystemAlarmService"
222-->[androidx.work:work-runtime:2.7.0] AndroidManifest.xml:42:13-88
223            android:directBootAware="false"
223-->[androidx.work:work-runtime:2.7.0] AndroidManifest.xml:43:13-44
224            android:enabled="@bool/enable_system_alarm_service_default"
224-->[androidx.work:work-runtime:2.7.0] AndroidManifest.xml:44:13-72
225            android:exported="false" />
225-->[androidx.work:work-runtime:2.7.0] AndroidManifest.xml:45:13-37
226        <service
226-->[androidx.work:work-runtime:2.7.0] AndroidManifest.xml:47:9-53:35
227            android:name="androidx.work.impl.background.systemjob.SystemJobService"
227-->[androidx.work:work-runtime:2.7.0] AndroidManifest.xml:48:13-84
228            android:directBootAware="false"
228-->[androidx.work:work-runtime:2.7.0] AndroidManifest.xml:49:13-44
229            android:enabled="@bool/enable_system_job_service_default"
229-->[androidx.work:work-runtime:2.7.0] AndroidManifest.xml:50:13-70
230            android:exported="true"
230-->[androidx.work:work-runtime:2.7.0] AndroidManifest.xml:51:13-36
231            android:permission="android.permission.BIND_JOB_SERVICE" />
231-->[androidx.work:work-runtime:2.7.0] AndroidManifest.xml:52:13-69
232        <service
232-->[androidx.work:work-runtime:2.7.0] AndroidManifest.xml:54:9-59:35
233            android:name="androidx.work.impl.foreground.SystemForegroundService"
233-->[androidx.work:work-runtime:2.7.0] AndroidManifest.xml:55:13-81
234            android:directBootAware="false"
234-->[androidx.work:work-runtime:2.7.0] AndroidManifest.xml:56:13-44
235            android:enabled="@bool/enable_system_foreground_service_default"
235-->[androidx.work:work-runtime:2.7.0] AndroidManifest.xml:57:13-77
236            android:exported="false" />
236-->[androidx.work:work-runtime:2.7.0] AndroidManifest.xml:58:13-37
237
238        <receiver
238-->[androidx.work:work-runtime:2.7.0] AndroidManifest.xml:61:9-66:35
239            android:name="androidx.work.impl.utils.ForceStopRunnable$BroadcastReceiver"
239-->[androidx.work:work-runtime:2.7.0] AndroidManifest.xml:62:13-88
240            android:directBootAware="false"
240-->[androidx.work:work-runtime:2.7.0] AndroidManifest.xml:63:13-44
241            android:enabled="true"
241-->[androidx.work:work-runtime:2.7.0] AndroidManifest.xml:64:13-35
242            android:exported="false" />
242-->[androidx.work:work-runtime:2.7.0] AndroidManifest.xml:65:13-37
243        <receiver
243-->[androidx.work:work-runtime:2.7.0] AndroidManifest.xml:67:9-77:20
244            android:name="androidx.work.impl.background.systemalarm.ConstraintProxy$BatteryChargingProxy"
244-->[androidx.work:work-runtime:2.7.0] AndroidManifest.xml:68:13-106
245            android:directBootAware="false"
245-->[androidx.work:work-runtime:2.7.0] AndroidManifest.xml:69:13-44
246            android:enabled="false"
246-->[androidx.work:work-runtime:2.7.0] AndroidManifest.xml:70:13-36
247            android:exported="false" >
247-->[androidx.work:work-runtime:2.7.0] AndroidManifest.xml:71:13-37
248            <intent-filter>
248-->[androidx.work:work-runtime:2.7.0] AndroidManifest.xml:73:13-76:29
249                <action android:name="android.intent.action.ACTION_POWER_CONNECTED" />
249-->[androidx.work:work-runtime:2.7.0] AndroidManifest.xml:74:17-87
249-->[androidx.work:work-runtime:2.7.0] AndroidManifest.xml:74:25-84
250                <action android:name="android.intent.action.ACTION_POWER_DISCONNECTED" />
250-->[androidx.work:work-runtime:2.7.0] AndroidManifest.xml:75:17-90
250-->[androidx.work:work-runtime:2.7.0] AndroidManifest.xml:75:25-87
251            </intent-filter>
252        </receiver>
253        <receiver
253-->[androidx.work:work-runtime:2.7.0] AndroidManifest.xml:78:9-88:20
254            android:name="androidx.work.impl.background.systemalarm.ConstraintProxy$BatteryNotLowProxy"
254-->[androidx.work:work-runtime:2.7.0] AndroidManifest.xml:79:13-104
255            android:directBootAware="false"
255-->[androidx.work:work-runtime:2.7.0] AndroidManifest.xml:80:13-44
256            android:enabled="false"
256-->[androidx.work:work-runtime:2.7.0] AndroidManifest.xml:81:13-36
257            android:exported="false" >
257-->[androidx.work:work-runtime:2.7.0] AndroidManifest.xml:82:13-37
258            <intent-filter>
258-->[androidx.work:work-runtime:2.7.0] AndroidManifest.xml:84:13-87:29
259                <action android:name="android.intent.action.BATTERY_OKAY" />
259-->[androidx.work:work-runtime:2.7.0] AndroidManifest.xml:85:17-77
259-->[androidx.work:work-runtime:2.7.0] AndroidManifest.xml:85:25-74
260                <action android:name="android.intent.action.BATTERY_LOW" />
260-->[androidx.work:work-runtime:2.7.0] AndroidManifest.xml:86:17-76
260-->[androidx.work:work-runtime:2.7.0] AndroidManifest.xml:86:25-73
261            </intent-filter>
262        </receiver>
263        <receiver
263-->[androidx.work:work-runtime:2.7.0] AndroidManifest.xml:89:9-99:20
264            android:name="androidx.work.impl.background.systemalarm.ConstraintProxy$StorageNotLowProxy"
264-->[androidx.work:work-runtime:2.7.0] AndroidManifest.xml:90:13-104
265            android:directBootAware="false"
265-->[androidx.work:work-runtime:2.7.0] AndroidManifest.xml:91:13-44
266            android:enabled="false"
266-->[androidx.work:work-runtime:2.7.0] AndroidManifest.xml:92:13-36
267            android:exported="false" >
267-->[androidx.work:work-runtime:2.7.0] AndroidManifest.xml:93:13-37
268            <intent-filter>
268-->[androidx.work:work-runtime:2.7.0] AndroidManifest.xml:95:13-98:29
269                <action android:name="android.intent.action.DEVICE_STORAGE_LOW" />
269-->[androidx.work:work-runtime:2.7.0] AndroidManifest.xml:96:17-83
269-->[androidx.work:work-runtime:2.7.0] AndroidManifest.xml:96:25-80
270                <action android:name="android.intent.action.DEVICE_STORAGE_OK" />
270-->[androidx.work:work-runtime:2.7.0] AndroidManifest.xml:97:17-82
270-->[androidx.work:work-runtime:2.7.0] AndroidManifest.xml:97:25-79
271            </intent-filter>
272        </receiver>
273        <receiver
273-->[androidx.work:work-runtime:2.7.0] AndroidManifest.xml:100:9-109:20
274            android:name="androidx.work.impl.background.systemalarm.ConstraintProxy$NetworkStateProxy"
274-->[androidx.work:work-runtime:2.7.0] AndroidManifest.xml:101:13-103
275            android:directBootAware="false"
275-->[androidx.work:work-runtime:2.7.0] AndroidManifest.xml:102:13-44
276            android:enabled="false"
276-->[androidx.work:work-runtime:2.7.0] AndroidManifest.xml:103:13-36
277            android:exported="false" >
277-->[androidx.work:work-runtime:2.7.0] AndroidManifest.xml:104:13-37
278            <intent-filter>
278-->[androidx.work:work-runtime:2.7.0] AndroidManifest.xml:106:13-108:29
279                <action android:name="android.net.conn.CONNECTIVITY_CHANGE" />
279-->[androidx.work:work-runtime:2.7.0] AndroidManifest.xml:107:17-79
279-->[androidx.work:work-runtime:2.7.0] AndroidManifest.xml:107:25-76
280            </intent-filter>
281        </receiver>
282        <receiver
282-->[androidx.work:work-runtime:2.7.0] AndroidManifest.xml:110:9-121:20